This is pdfTeX, Version 3.141592653-2.6-1.40.24 (TeX Live 2022) (preloaded format=pdflatex 2024.9.3)  4 SEP 2024 16:46
entering extended mode
 restricted \write18 enabled.
 %&-line parsing enabled.
**Corrections_SAM_SS3_Krill_481.tex
(./Corrections_SAM_SS3_Krill_481.tex
LaTeX2e <2022-11-01> patch level 1
L3 programming layer <2023-01-16> (/Users/mauriciomardones/Library/TinyTeX/texmf-dist/tex/latex/base/article.cls
Document Class: article 2022/07/02 v1.4n Standard LaTeX document class
(/Users/mauriciomardones/Library/TinyTeX/texmf-dist/tex/latex/base/size10.clo
File: size10.clo 2022/07/02 v1.4n Standard LaTeX file (size option)
)
\c@part=\count185
\c@section=\count186
\c@subsection=\count187
\c@subsubsection=\count188
\c@paragraph=\count189
\c@subparagraph=\count190
\c@figure=\count191
\c@table=\count192
\abovecaptionskip=\skip48
\belowcaptionskip=\skip49
\bibindent=\dimen140
) (/Users/mauriciomardones/Library/TinyTeX/texmf-dist/tex/latex/amsmath/amsmath.sty
Package: amsmath 2022/04/08 v2.17n AMS math features
\@mathmargin=\skip50
For additional information on amsmath, use the `?' option.
(/Users/mauriciomardones/Library/TinyTeX/texmf-dist/tex/latex/amsmath/amstext.sty
Package: amstext 2021/08/26 v2.01 AMS text
(/Users/mauriciomardones/Library/TinyTeX/texmf-dist/tex/latex/amsmath/amsgen.sty
File: amsgen.sty 1999/11/30 v2.0 generic functions
\@emptytoks=\toks16
\ex@=\dimen141
)) (/Users/mauriciomardones/Library/TinyTeX/texmf-dist/tex/latex/amsmath/amsbsy.sty
Package: amsbsy 1999/11/29 v1.2d Bold Symbols
\pmbraise@=\dimen142
) (/Users/mauriciomardones/Library/TinyTeX/texmf-dist/tex/latex/amsmath/amsopn.sty
Package: amsopn 2022/04/08 v2.04 operator names
)
\inf@bad=\count193
LaTeX Info: Redefining \frac on input line 234.
\uproot@=\count194
\leftroot@=\count195
LaTeX Info: Redefining \overline on input line 399.
LaTeX Info: Redefining \colon on input line 410.
\classnum@=\count196
\DOTSCASE@=\count197
LaTeX Info: Redefining \ldots on input line 496.
LaTeX Info: Redefining \dots on input line 499.
LaTeX Info: Redefining \cdots on input line 620.
\Mathstrutbox@=\box51
\strutbox@=\box52
LaTeX Info: Redefining \big on input line 722.
LaTeX Info: Redefining \Big on input line 723.
LaTeX Info: Redefining \bigg on input line 724.
LaTeX Info: Redefining \Bigg on input line 725.
\big@size=\dimen143
LaTeX Font Info:    Redeclaring font encoding OML on input line 743.
LaTeX Font Info:    Redeclaring font encoding OMS on input line 744.
\macc@depth=\count198
LaTeX Info: Redefining \bmod on input line 905.
LaTeX Info: Redefining \pmod on input line 910.
LaTeX Info: Redefining \smash on input line 940.
LaTeX Info: Redefining \relbar on input line 970.
LaTeX Info: Redefining \Relbar on input line 971.
\c@MaxMatrixCols=\count199
\dotsspace@=\muskip16
\c@parentequation=\count266
\dspbrk@lvl=\count267
\tag@help=\toks17
\row@=\count268
\column@=\count269
\maxfields@=\count270
\andhelp@=\toks18
\eqnshift@=\dimen144
\alignsep@=\dimen145
\tagshift@=\dimen146
\tagwidth@=\dimen147
\totwidth@=\dimen148
\lineht@=\dimen149
\@envbody=\toks19
\multlinegap=\skip51
\multlinetaggap=\skip52
\mathdisplay@stack=\toks20
LaTeX Info: Redefining \[ on input line 2953.
LaTeX Info: Redefining \] on input line 2954.
) (/Users/mauriciomardones/Library/TinyTeX/texmf-dist/tex/latex/amsfonts/amssymb.sty
Package: amssymb 2013/01/14 v3.01 AMS font symbols
(/Users/mauriciomardones/Library/TinyTeX/texmf-dist/tex/latex/amsfonts/amsfonts.sty
Package: amsfonts 2013/01/14 v3.01 Basic AMSFonts support
\symAMSa=\mathgroup4
\symAMSb=\mathgroup5
LaTeX Font Info:    Redeclaring math symbol \hbar on input line 98.
LaTeX Font Info:    Overwriting math alphabet `\mathfrak' in version `bold'
(Font)                  U/euf/m/n --> U/euf/b/n on input line 106.
)) (/Users/mauriciomardones/Library/TinyTeX/texmf-dist/tex/latex/setspace/setspace.sty
Package: setspace 2022/12/04 v6.7b set line spacing
) (/Users/mauriciomardones/Library/TinyTeX/texmf-dist/tex/generic/iftex/iftex.sty
Package: iftex 2022/02/03 v1.0f TeX engine tests
) (/Users/mauriciomardones/Library/TinyTeX/texmf-dist/tex/latex/base/fontenc.sty
Package: fontenc 2021/04/29 v2.0v Standard LaTeX package
) (/Users/mauriciomardones/Library/TinyTeX/texmf-dist/tex/latex/base/inputenc.sty
Package: inputenc 2021/02/14 v1.3d Input encoding file
\inpenc@prehook=\toks21
\inpenc@posthook=\toks22
) (/Users/mauriciomardones/Library/TinyTeX/texmf-dist/tex/latex/base/textcomp.sty
Package: textcomp 2020/02/02 v2.0n Standard LaTeX package
) (/Users/mauriciomardones/Library/TinyTeX/texmf-dist/tex/latex/lm/lmodern.sty
Package: lmodern 2015/05/01 v1.6.1 Latin Modern Fonts
LaTeX Font Info:    Overwriting symbol font `operators' in version `normal'
(Font)                  OT1/cmr/m/n --> OT1/lmr/m/n on input line 22.
LaTeX Font Info:    Overwriting symbol font `letters' in version `normal'
(Font)                  OML/cmm/m/it --> OML/lmm/m/it on input line 23.
LaTeX Font Info:    Overwriting symbol font `symbols' in version `normal'
(Font)                  OMS/cmsy/m/n --> OMS/lmsy/m/n on input line 24.
LaTeX Font Info:    Overwriting symbol font `largesymbols' in version `normal'
(Font)                  OMX/cmex/m/n --> OMX/lmex/m/n on input line 25.
LaTeX Font Info:    Overwriting symbol font `operators' in version `bold'
(Font)                  OT1/cmr/bx/n --> OT1/lmr/bx/n on input line 26.
LaTeX Font Info:    Overwriting symbol font `letters' in version `bold'
(Font)                  OML/cmm/b/it --> OML/lmm/b/it on input line 27.
LaTeX Font Info:    Overwriting symbol font `symbols' in version `bold'
(Font)                  OMS/cmsy/b/n --> OMS/lmsy/b/n on input line 28.
LaTeX Font Info:    Overwriting symbol font `largesymbols' in version `bold'
(Font)                  OMX/cmex/m/n --> OMX/lmex/m/n on input line 29.
LaTeX Font Info:    Overwriting math alphabet `\mathbf' in version `normal'
(Font)                  OT1/cmr/bx/n --> OT1/lmr/bx/n on input line 31.
LaTeX Font Info:    Overwriting math alphabet `\mathsf' in version `normal'
(Font)                  OT1/cmss/m/n --> OT1/lmss/m/n on input line 32.
LaTeX Font Info:    Overwriting math alphabet `\mathit' in version `normal'
(Font)                  OT1/cmr/m/it --> OT1/lmr/m/it on input line 33.
LaTeX Font Info:    Overwriting math alphabet `\mathtt' in version `normal'
(Font)                  OT1/cmtt/m/n --> OT1/lmtt/m/n on input line 34.
LaTeX Font Info:    Overwriting math alphabet `\mathbf' in version `bold'
(Font)                  OT1/cmr/bx/n --> OT1/lmr/bx/n on input line 35.
LaTeX Font Info:    Overwriting math alphabet `\mathsf' in version `bold'
(Font)                  OT1/cmss/bx/n --> OT1/lmss/bx/n on input line 36.
LaTeX Font Info:    Overwriting math alphabet `\mathit' in version `bold'
(Font)                  OT1/cmr/bx/it --> OT1/lmr/bx/it on input line 37.
LaTeX Font Info:    Overwriting math alphabet `\mathtt' in version `bold'
(Font)                  OT1/cmtt/m/n --> OT1/lmtt/m/n on input line 38.
) (/Users/mauriciomardones/Library/TinyTeX/texmf-dist/tex/latex/microtype/microtype.sty
Package: microtype 2022/06/23 v3.0f Micro-typographical refinements (RS)
(/Users/mauriciomardones/Library/TinyTeX/texmf-dist/tex/latex/graphics/keyval.sty
Package: keyval 2022/05/29 v1.15 key=value parser (DPC)
\KV@toks@=\toks23
) (/Users/mauriciomardones/Library/TinyTeX/texmf-dist/tex/latex/etoolbox/etoolbox.sty
Package: etoolbox 2020/10/05 v2.5k e-TeX tools for LaTeX (JAW)
\etb@tempcnta=\count271
)
\MT@toks=\toks24
\MT@tempbox=\box53
\MT@count=\count272
LaTeX Info: Redefining \noprotrusionifhmode on input line 1045.
LaTeX Info: Redefining \leftprotrusion on input line 1046.
LaTeX Info: Redefining \rightprotrusion on input line 1056.
LaTeX Info: Redefining \textls on input line 1234.
\MT@outer@kern=\dimen150
LaTeX Info: Redefining \textmicrotypecontext on input line 1858.
\MT@listname@count=\count273
(/Users/mauriciomardones/Library/TinyTeX/texmf-dist/tex/latex/microtype/microtype-pdftex.def
File: microtype-pdftex.def 2022/06/23 v3.0f Definitions specific to pdftex (RS)
LaTeX Info: Redefining \lsstyle on input line 900.
LaTeX Info: Redefining \lslig on input line 900.
\MT@outer@space=\skip53
)
Package microtype Info: Loading configuration file microtype.cfg.
(/Users/mauriciomardones/Library/TinyTeX/texmf-dist/tex/latex/microtype/microtype.cfg
File: microtype.cfg 2022/06/23 v3.0f microtype main configuration file (RS)
)) (/Users/mauriciomardones/Library/TinyTeX/texmf-dist/tex/latex/parskip/parskip.sty
Package: parskip 2021-03-14 v2.0h non-zero parskip adjustments
(/Users/mauriciomardones/Library/TinyTeX/texmf-dist/tex/latex/kvoptions/kvoptions.sty
Package: kvoptions 2022-06-15 v3.15 Key value format for package options (HO)
(/Users/mauriciomardones/Library/TinyTeX/texmf-dist/tex/generic/ltxcmds/ltxcmds.sty
Package: ltxcmds 2020-05-10 v1.25 LaTeX kernel commands for general use (HO)
) (/Users/mauriciomardones/Library/TinyTeX/texmf-dist/tex/latex/kvsetkeys/kvsetkeys.sty
Package: kvsetkeys 2022-10-05 v1.19 Key value parser (HO)
))) (/Users/mauriciomardones/Library/TinyTeX/texmf-dist/tex/latex/xcolor/xcolor.sty
Package: xcolor 2022/06/12 v2.14 LaTeX color extensions (UK)
(/Users/mauriciomardones/Library/TinyTeX/texmf-dist/tex/latex/graphics-cfg/color.cfg
File: color.cfg 2016/01/02 v1.6 sample color configuration
)
Package xcolor Info: Driver file: pdftex.def on input line 227.
(/Users/mauriciomardones/Library/TinyTeX/texmf-dist/tex/latex/graphics-def/pdftex.def
File: pdftex.def 2022/09/22 v1.2b Graphics/color driver for pdftex
) (/Users/mauriciomardones/Library/TinyTeX/texmf-dist/tex/latex/graphics/mathcolor.ltx)
Package xcolor Info: Model `cmy' substituted by `cmy0' on input line 1353.
Package xcolor Info: Model `hsb' substituted by `rgb' on input line 1357.
Package xcolor Info: Model `RGB' extended on input line 1369.
Package xcolor Info: Model `HTML' substituted by `rgb' on input line 1371.
Package xcolor Info: Model `Hsb' substituted by `hsb' on input line 1372.
Package xcolor Info: Model `tHsb' substituted by `hsb' on input line 1373.
Package xcolor Info: Model `HSB' substituted by `hsb' on input line 1374.
Package xcolor Info: Model `Gray' substituted by `gray' on input line 1375.
Package xcolor Info: Model `wave' substituted by `hsb' on input line 1376.
(/Users/mauriciomardones/Library/TinyTeX/texmf-dist/tex/latex/graphics/dvipsnam.def
File: dvipsnam.def 2016/06/17 v3.0m Driver-dependent file (DPC,SPQR)
) (/Users/mauriciomardones/Library/TinyTeX/texmf-dist/tex/latex/xcolor/svgnam.def
File: svgnam.def 2022/06/12 v2.14 Predefined colors according to SVG 1.1 (UK)
) (/Users/mauriciomardones/Library/TinyTeX/texmf-dist/tex/latex/xcolor/x11nam.def
File: x11nam.def 2022/06/12 v2.14 Predefined colors according to Unix/X11 (UK)
)) (/Users/mauriciomardones/Library/TinyTeX/texmf-dist/tex/latex/geometry/geometry.sty
Package: geometry 2020/01/02 v5.9 Page Geometry
(/Users/mauriciomardones/Library/TinyTeX/texmf-dist/tex/generic/iftex/ifvtex.sty
Package: ifvtex 2019/10/25 v1.7 ifvtex legacy package. Use iftex instead.
)
\Gm@cnth=\count274
\Gm@cntv=\count275
\c@Gm@tempcnt=\count276
\Gm@bindingoffset=\dimen151
\Gm@wd@mp=\dimen152
\Gm@odd@mp=\dimen153
\Gm@even@mp=\dimen154
\Gm@layoutwidth=\dimen155
\Gm@layoutheight=\dimen156
\Gm@layouthoffset=\dimen157
\Gm@layoutvoffset=\dimen158
\Gm@dimlist=\toks25
) (/Users/mauriciomardones/Library/TinyTeX/texmf-dist/tex/latex/fancyvrb/fancyvrb.sty
Package: fancyvrb 2022/06/06 4.5 verbatim text (tvz,hv)
\FV@CodeLineNo=\count277
\FV@InFile=\read2
\FV@TabBox=\box54
\c@FancyVerbLine=\count278
\FV@StepNumber=\count279
\FV@OutFile=\write3
) (/Users/mauriciomardones/Library/TinyTeX/texmf-dist/tex/latex/framed/framed.sty
Package: framed 2011/10/22 v 0.96: framed or shaded text with page breaks
\OuterFrameSep=\skip54
\fb@frw=\dimen159
\fb@frh=\dimen160
\FrameRule=\dimen161
\FrameSep=\dimen162
) (/Users/mauriciomardones/Library/TinyTeX/texmf-dist/tex/latex/tools/longtable.sty
Package: longtable 2021-09-01 v4.17 Multi-page Table package (DPC)
\LTleft=\skip55
\LTright=\skip56
\LTpre=\skip57
\LTpost=\skip58
\LTchunksize=\count280
\LTcapwidth=\dimen163
\LT@head=\box55
\LT@firsthead=\box56
\LT@foot=\box57
\LT@lastfoot=\box58
\LT@gbox=\box59
\LT@cols=\count281
\LT@rows=\count282
\c@LT@tables=\count283
\c@LT@chunks=\count284
\LT@p@ftn=\toks26
) (/Users/mauriciomardones/Library/TinyTeX/texmf-dist/tex/latex/booktabs/booktabs.sty
Package: booktabs 2020/01/12 v1.61803398 Publication quality tables
\heavyrulewidth=\dimen164
\lightrulewidth=\dimen165
\cmidrulewidth=\dimen166
\belowrulesep=\dimen167
\belowbottomsep=\dimen168
\aboverulesep=\dimen169
\abovetopsep=\dimen170
\cmidrulesep=\dimen171
\cmidrulekern=\dimen172
\defaultaddspace=\dimen173
\@cmidla=\count285
\@cmidlb=\count286
\@aboverulesep=\dimen174
\@belowrulesep=\dimen175
\@thisruleclass=\count287
\@lastruleclass=\count288
\@thisrulewidth=\dimen176
) (/Users/mauriciomardones/Library/TinyTeX/texmf-dist/tex/latex/tools/array.sty
Package: array 2022/09/04 v2.5g Tabular extension package (FMi)
\col@sep=\dimen177
\ar@mcellbox=\box60
\extrarowheight=\dimen178
\NC@list=\toks27
\extratabsurround=\skip59
\backup@length=\skip60
\ar@cellbox=\box61
) (/Users/mauriciomardones/Library/TinyTeX/texmf-dist/tex/latex/tools/calc.sty
Package: calc 2017/05/25 v4.3 Infix arithmetic (KKT,FJ)
\calc@Acount=\count289
\calc@Bcount=\count290
\calc@Adimen=\dimen179
\calc@Bdimen=\dimen180
\calc@Askip=\skip61
\calc@Bskip=\skip62
LaTeX Info: Redefining \setlength on input line 80.
LaTeX Info: Redefining \addtolength on input line 81.
\calc@Ccount=\count291
\calc@Cskip=\skip63
) (/Users/mauriciomardones/Library/TinyTeX/texmf-dist/tex/latex/mdwtools/footnote.sty
Package: footnote 1997/01/28 1.13 Save footnotes around boxes
\fn@notes=\box62
\fn@width=\dimen181
) (/Users/mauriciomardones/Library/TinyTeX/texmf-dist/tex/latex/graphics/graphicx.sty
Package: graphicx 2021/09/16 v1.2d Enhanced LaTeX Graphics (DPC,SPQR)
(/Users/mauriciomardones/Library/TinyTeX/texmf-dist/tex/latex/graphics/graphics.sty
Package: graphics 2022/03/10 v1.4e Standard LaTeX Graphics (DPC,SPQR)
(/Users/mauriciomardones/Library/TinyTeX/texmf-dist/tex/latex/graphics/trig.sty
Package: trig 2021/08/11 v1.11 sin cos tan (DPC)
) (/Users/mauriciomardones/Library/TinyTeX/texmf-dist/tex/latex/graphics-cfg/graphics.cfg
File: graphics.cfg 2016/06/04 v1.11 sample graphics configuration
)
Package graphics Info: Driver file: pdftex.def on input line 107.
)
\Gin@req@height=\dimen182
\Gin@req@width=\dimen183
)
\cslhangindent=\skip64
\csllabelwidth=\skip65
\cslentryspacingunit=\skip66
(/Users/mauriciomardones/Library/TinyTeX/texmf-dist/tex/latex/graphics/lscape.sty
Package: lscape 2020/05/28 v3.02 Landscape Pages (DPC)
) (/Users/mauriciomardones/Library/TinyTeX/texmf-dist/tex/latex/multirow/multirow.sty
Package: multirow 2021/03/15 v2.8 Span multiple rows of a table
\multirow@colwidth=\skip67
\multirow@cntb=\count292
\multirow@dima=\skip68
\bigstrutjot=\dimen184
) (/Users/mauriciomardones/Library/TinyTeX/texmf-dist/tex/latex/wrapfig/wrapfig.sty
\wrapoverhang=\dimen185
\WF@size=\dimen186
\c@WF@wrappedlines=\count293
\WF@box=\box63
\WF@everypar=\toks28
Package: wrapfig 2003/01/31  v 3.6
) (/Users/mauriciomardones/Library/TinyTeX/texmf-dist/tex/latex/float/float.sty
Package: float 2001/11/08 v1.3d Float enhancements (AL)
\c@float@type=\count294
\float@exts=\toks29
\float@box=\box64
\@float@everytoks=\toks30
\@floatcapt=\box65
) (/Users/mauriciomardones/Library/TinyTeX/texmf-dist/tex/latex/colortbl/colortbl.sty
Package: colortbl 2022/06/20 v1.0f Color table columns (DPC)
\everycr=\toks31
\minrowclearance=\skip69
\rownum=\count295
) (/Users/mauriciomardones/Library/TinyTeX/texmf-dist/tex/latex/pdflscape/pdflscape.sty
Package: pdflscape 2022-10-27 v0.13 Display of landscape pages in PDF
(/Users/mauriciomardones/Library/TinyTeX/texmf-dist/tex/latex/pdflscape/pdflscape-nometadata.sty
Package: pdflscape-nometadata 2022-10-28 v0.13 Display of landscape pages in PDF (HO)
Package pdflscape Info: Auto-detected driver: pdftex on input line 81.
)) (/Users/mauriciomardones/Library/TinyTeX/texmf-dist/tex/latex/tabu/tabu.sty
Package: tabu 2019/01/11 v2.9 - flexible LaTeX tabulars (FC+tabu-fixed)
(/Users/mauriciomardones/Library/TinyTeX/texmf-dist/tex/latex/varwidth/varwidth.sty
Package: varwidth 2009/03/30 ver 0.92;  Variable-width minipages
\@vwid@box=\box66
\sift@deathcycles=\count296
\@vwid@loff=\dimen187
\@vwid@roff=\dimen188
)
\c@taburow=\count297
\tabu@nbcols=\count298
\tabu@cnt=\count299
\tabu@Xcol=\count300
\tabu@alloc=\count301
\tabu@nested=\count302
\tabu@target=\dimen189
\tabu@spreadtarget=\dimen190
\tabu@naturalX=\dimen191
\tabucolX=\dimen192
\tabu@Xsum=\dimen193
\extrarowdepth=\dimen194
\abovetabulinesep=\dimen195
\belowtabulinesep=\dimen196
\tabustrutrule=\dimen197
\tabu@thebody=\toks32
\tabu@footnotes=\toks33
\tabu@box=\box67
\tabu@arstrutbox=\box68
\tabu@hleads=\box69
\tabu@vleads=\box70
\tabu@cellskip=\skip70
) (/Users/mauriciomardones/Library/TinyTeX/texmf-dist/tex/latex/threeparttable/threeparttable.sty
Package: threeparttable 2003/06/13  v 3.0
\@tempboxb=\box71
) (/Users/mauriciomardones/Library/TinyTeX/texmf-dist/tex/latex/threeparttablex/threeparttablex.sty
Package: threeparttablex 2013/07/23 v0.3 by daleif
(/Users/mauriciomardones/Library/TinyTeX/texmf-dist/tex/latex/environ/environ.sty
Package: environ 2014/05/04 v0.3 A new way to define environments
(/Users/mauriciomardones/Library/TinyTeX/texmf-dist/tex/latex/trimspaces/trimspaces.sty
Package: trimspaces 2009/09/17 v1.1 Trim spaces around a token list
))
\TPTL@width=\skip71
) (/Users/mauriciomardones/Library/TinyTeX/texmf-dist/tex/generic/ulem/ulem.sty
\UL@box=\box72
\UL@hyphenbox=\box73
\UL@skip=\skip72
\UL@hook=\toks34
\UL@height=\dimen198
\UL@pe=\count303
\UL@pixel=\dimen199
\ULC@box=\box74
Package: ulem 2019/11/18
\ULdepth=\dimen256
) (/Users/mauriciomardones/Library/TinyTeX/texmf-dist/tex/latex/makecell/makecell.sty
Package: makecell 2009/08/03 V0.1e Managing of Tab Column Heads and Cells
\rotheadsize=\dimen257
\c@nlinenum=\count304
\TeXr@lab=\toks35
) (/Users/mauriciomardones/Library/TinyTeX/texmf-dist/tex/latex/bookmark/bookmark.sty
Package: bookmark 2020-11-06 v1.29 PDF bookmarks (HO)
(/Users/mauriciomardones/Library/TinyTeX/texmf-dist/tex/latex/hyperref/hyperref.sty
Package: hyperref 2022-11-13 v7.00u Hypertext links for LaTeX
(/Users/mauriciomardones/Library/TinyTeX/texmf-dist/tex/generic/pdftexcmds/pdftexcmds.sty
Package: pdftexcmds 2020-06-27 v0.33 Utility functions of pdfTeX for LuaTeX (HO)
(/Users/mauriciomardones/Library/TinyTeX/texmf-dist/tex/generic/infwarerr/infwarerr.sty
Package: infwarerr 2019/12/03 v1.5 Providing info/warning/error messages (HO)
)
Package pdftexcmds Info: \pdf@primitive is available.
Package pdftexcmds Info: \pdf@ifprimitive is available.
Package pdftexcmds Info: \pdfdraftmode found.
) (/Users/mauriciomardones/Library/TinyTeX/texmf-dist/tex/generic/kvdefinekeys/kvdefinekeys.sty
Package: kvdefinekeys 2019-12-19 v1.6 Define keys (HO)
) (/Users/mauriciomardones/Library/TinyTeX/texmf-dist/tex/generic/pdfescape/pdfescape.sty
Package: pdfescape 2019/12/09 v1.15 Implements pdfTeX's escape features (HO)
) (/Users/mauriciomardones/Library/TinyTeX/texmf-dist/tex/latex/hycolor/hycolor.sty
Package: hycolor 2020-01-27 v1.10 Color options for hyperref/bookmark (HO)
) (/Users/mauriciomardones/Library/TinyTeX/texmf-dist/tex/latex/letltxmacro/letltxmacro.sty
Package: letltxmacro 2019/12/03 v1.6 Let assignment for LaTeX macros (HO)
) (/Users/mauriciomardones/Library/TinyTeX/texmf-dist/tex/latex/auxhook/auxhook.sty
Package: auxhook 2019-12-17 v1.6 Hooks for auxiliary files (HO)
) (/Users/mauriciomardones/Library/TinyTeX/texmf-dist/tex/latex/hyperref/nameref.sty
Package: nameref 2022-05-17 v2.50 Cross-referencing by name of section
(/Users/mauriciomardones/Library/TinyTeX/texmf-dist/tex/latex/refcount/refcount.sty
Package: refcount 2019/12/15 v3.6 Data extraction from label references (HO)
) (/Users/mauriciomardones/Library/TinyTeX/texmf-dist/tex/generic/gettitlestring/gettitlestring.sty
Package: gettitlestring 2019/12/15 v1.6 Cleanup title references (HO)
)
\c@section@level=\count305
)
\@linkdim=\dimen258
\Hy@linkcounter=\count306
\Hy@pagecounter=\count307
(/Users/mauriciomardones/Library/TinyTeX/texmf-dist/tex/latex/hyperref/pd1enc.def
File: pd1enc.def 2022-11-13 v7.00u Hyperref: PDFDocEncoding definition (HO)
Now handling font encoding PD1 ...
... no UTF-8 mapping file for font encoding PD1
) (/Users/mauriciomardones/Library/TinyTeX/texmf-dist/tex/generic/intcalc/intcalc.sty
Package: intcalc 2019/12/15 v1.3 Expandable calculations with integers (HO)
) (/Users/mauriciomardones/Library/TinyTeX/texmf-dist/tex/generic/etexcmds/etexcmds.sty
Package: etexcmds 2019/12/15 v1.7 Avoid name clashes with e-TeX commands (HO)
)
\Hy@SavedSpaceFactor=\count308
(/Users/mauriciomardones/Library/TinyTeX/texmf-dist/tex/latex/hyperref/puenc.def
File: puenc.def 2022-11-13 v7.00u Hyperref: PDF Unicode definition (HO)
Now handling font encoding PU ...
... no UTF-8 mapping file for font encoding PU
)
Package hyperref Info: Option `unicode' set `true' on input line 4045.
Package hyperref Info: Hyper figures OFF on input line 4162.
Package hyperref Info: Link nesting OFF on input line 4167.
Package hyperref Info: Hyper index ON on input line 4170.
Package hyperref Info: Plain pages OFF on input line 4177.
Package hyperref Info: Backreferencing OFF on input line 4182.
Package hyperref Info: Implicit mode ON; LaTeX internals redefined.
Package hyperref Info: Bookmarks ON on input line 4410.
\c@Hy@tempcnt=\count309
(/Users/mauriciomardones/Library/TinyTeX/texmf-dist/tex/latex/url/url.sty
\Urlmuskip=\muskip17
Package: url 2013/09/16  ver 3.4  Verb mode for urls, etc.
)
LaTeX Info: Redefining \url on input line 4748.
\XeTeXLinkMargin=\dimen259
(/Users/mauriciomardones/Library/TinyTeX/texmf-dist/tex/generic/bitset/bitset.sty
Package: bitset 2019/12/09 v1.3 Handle bit-vector datatype (HO)
(/Users/mauriciomardones/Library/TinyTeX/texmf-dist/tex/generic/bigintcalc/bigintcalc.sty
Package: bigintcalc 2019/12/15 v1.5 Expandable calculations on big integers (HO)
))
\Fld@menulength=\count310
\Field@Width=\dimen260
\Fld@charsize=\dimen261
Package hyperref Info: Hyper figures OFF on input line 6027.
Package hyperref Info: Link nesting OFF on input line 6032.
Package hyperref Info: Hyper index ON on input line 6035.
Package hyperref Info: backreferencing OFF on input line 6042.
Package hyperref Info: Link coloring OFF on input line 6047.
Package hyperref Info: Link coloring with OCG OFF on input line 6052.
Package hyperref Info: PDF/A mode OFF on input line 6057.
(/Users/mauriciomardones/Library/TinyTeX/texmf-dist/tex/latex/base/atbegshi-ltx.sty
Package: atbegshi-ltx 2021/01/10 v1.0c Emulation of the original atbegshi
package with kernel methods
)
\Hy@abspage=\count311
\c@Item=\count312
\c@Hfootnote=\count313
)
Package hyperref Info: Driver (autodetected): hpdftex.
(/Users/mauriciomardones/Library/TinyTeX/texmf-dist/tex/latex/hyperref/hpdftex.def
File: hpdftex.def 2022-11-13 v7.00u Hyperref driver for pdfTeX
(/Users/mauriciomardones/Library/TinyTeX/texmf-dist/tex/latex/base/atveryend-ltx.sty
Package: atveryend-ltx 2020/08/19 v1.0a Emulation of the original atveryend package
with kernel methods
)
\Fld@listcount=\count314
\c@bookmark@seq@number=\count315
(/Users/mauriciomardones/Library/TinyTeX/texmf-dist/tex/latex/rerunfilecheck/rerunfilecheck.sty
Package: rerunfilecheck 2022-07-10 v1.10 Rerun checks for auxiliary files (HO)
(/Users/mauriciomardones/Library/TinyTeX/texmf-dist/tex/generic/uniquecounter/uniquecounter.sty
Package: uniquecounter 2019/12/15 v1.4 Provide unlimited unique counter (HO)
)
Package uniquecounter Info: New unique counter `rerunfilecheck' on input line 285.
)
\Hy@SectionHShift=\skip73
) (/Users/mauriciomardones/Library/TinyTeX/texmf-dist/tex/latex/bookmark/bkm-pdftex.def
File: bkm-pdftex.def 2020-11-06 v1.29 bookmark driver for pdfTeX (HO)
\BKM@id=\count316
))
Package hyperref Info: Option `colorlinks' set `true' on input line 163.
LaTeX Font Info:    Trying to load font information for T1+lmr on input line 176.
(/Users/mauriciomardones/Library/TinyTeX/texmf-dist/tex/latex/lm/t1lmr.fd
File: t1lmr.fd 2015/05/01 v1.6.1 Font defs for Latin Modern
) (/Users/mauriciomardones/Library/TinyTeX/texmf-dist/tex/latex/l3backend/l3backend-pdftex.def
File: l3backend-pdftex.def 2023-01-16 L3 backend support: PDF output (pdfTeX)
\l__color_backend_stack_int=\count317
\l__pdf_internal_box=\box75
) (./Corrections_SAM_SS3_Krill_481.aux)
\openout1 = `Corrections_SAM_SS3_Krill_481.aux'.

LaTeX Font Info:    Checking defaults for OML/cmm/m/it on input line 176.
LaTeX Font Info:    ... okay on input line 176.
LaTeX Font Info:    Checking defaults for OMS/cmsy/m/n on input line 176.
LaTeX Font Info:    ... okay on input line 176.
LaTeX Font Info:    Checking defaults for OT1/cmr/m/n on input line 176.
LaTeX Font Info:    ... okay on input line 176.
LaTeX Font Info:    Checking defaults for T1/cmr/m/n on input line 176.
LaTeX Font Info:    ... okay on input line 176.
LaTeX Font Info:    Checking defaults for TS1/cmr/m/n on input line 176.
LaTeX Font Info:    ... okay on input line 176.
LaTeX Font Info:    Checking defaults for OMX/cmex/m/n on input line 176.
LaTeX Font Info:    ... okay on input line 176.
LaTeX Font Info:    Checking defaults for U/cmr/m/n on input line 176.
LaTeX Font Info:    ... okay on input line 176.
LaTeX Font Info:    Checking defaults for PD1/pdf/m/n on input line 176.
LaTeX Font Info:    ... okay on input line 176.
LaTeX Font Info:    Checking defaults for PU/pdf/m/n on input line 176.
LaTeX Font Info:    ... okay on input line 176.
LaTeX Info: Redefining \microtypecontext on input line 176.
Package microtype Info: Applying patch `item' on input line 176.
Package microtype Info: Applying patch `toc' on input line 176.
Package microtype Info: Applying patch `eqnum' on input line 176.
Package microtype Info: Applying patch `footnote' on input line 176.
Package microtype Info: Generating PDF output.
Package microtype Info: Character protrusion enabled (level 2).
Package microtype Info: Using protrusion set `basicmath'.
Package microtype Info: Automatic font expansion enabled (level 2),
(microtype)             stretch: 20, shrink: 20, step: 1, non-selected.
Package microtype Info: Using default expansion set `alltext-nott'.
LaTeX Info: Redefining \showhyphens on input line 176.
Package microtype Info: No adjustment of tracking.
Package microtype Info: No adjustment of interword spacing.
Package microtype Info: No adjustment of character kerning.
(/Users/mauriciomardones/Library/TinyTeX/texmf-dist/tex/latex/microtype/mt-cmr.cfg
File: mt-cmr.cfg 2013/05/19 v2.2 microtype config. file: Computer Modern Roman (RS)
) (/Users/mauriciomardones/Library/TinyTeX/texmf-dist/tex/latex/epstopdf-pkg/epstopdf-base.sty
Package: epstopdf-base 2020-01-24 v2.11 Base part for package epstopdf
Package epstopdf-base Info: Redefining graphics rule for `.eps' on input line 485.
(/Users/mauriciomardones/Library/TinyTeX/texmf-dist/tex/latex/latexconfig/epstopdf-sys.cfg
File: epstopdf-sys.cfg 2010/07/13 v1.3 Configuration of (r)epstopdf for TeX Live
))
*geometry* driver: auto-detecting
*geometry* detected driver: pdftex
*geometry* verbose mode - [ preamble ] result:
* driver: pdftex
* paper: <default>
* layout: <same size as paper>
* layoutoffset:(h,v)=(0.0pt,0.0pt)
* modes: 
* h-part:(L,W,R)=(72.26999pt, 469.75502pt, 72.26999pt)
* v-part:(T,H,B)=(72.26999pt, 650.43001pt, 72.26999pt)
* \paperwidth=614.295pt
* \paperheight=794.96999pt
* \textwidth=469.75502pt
* \textheight=650.43001pt
* \oddsidemargin=0.0pt
* \evensidemargin=0.0pt
* \topmargin=-37.0pt
* \headheight=12.0pt
* \headsep=25.0pt
* \topskip=10.0pt
* \footskip=30.0pt
* \marginparwidth=65.0pt
* \marginparsep=11.0pt
* \columnsep=10.0pt
* \skip\footins=9.0pt plus 4.0pt minus 2.0pt
* \hoffset=0.0pt
* \voffset=0.0pt
* \mag=1000
* \@twocolumnfalse
* \@twosidefalse
* \@mparswitchfalse
* \@reversemarginfalse
* (1in=72.27pt=25.4mm, 1cm=28.453pt)

Package hyperref Info: Link coloring ON on input line 176.
LaTeX Font Info:    Trying to load font information for OT1+lmr on input line 178.
(/Users/mauriciomardones/Library/TinyTeX/texmf-dist/tex/latex/lm/ot1lmr.fd
File: ot1lmr.fd 2015/05/01 v1.6.1 Font defs for Latin Modern
)
LaTeX Font Info:    Trying to load font information for OML+lmm on input line 178.
(/Users/mauriciomardones/Library/TinyTeX/texmf-dist/tex/latex/lm/omllmm.fd
File: omllmm.fd 2015/05/01 v1.6.1 Font defs for Latin Modern
)
LaTeX Font Info:    Trying to load font information for OMS+lmsy on input line 178.
(/Users/mauriciomardones/Library/TinyTeX/texmf-dist/tex/latex/lm/omslmsy.fd
File: omslmsy.fd 2015/05/01 v1.6.1 Font defs for Latin Modern
)
LaTeX Font Info:    Trying to load font information for OMX+lmex on input line 178.
(/Users/mauriciomardones/Library/TinyTeX/texmf-dist/tex/latex/lm/omxlmex.fd
File: omxlmex.fd 2015/05/01 v1.6.1 Font defs for Latin Modern
)
LaTeX Font Info:    External font `lmex10' loaded for size
(Font)              <12> on input line 178.
LaTeX Font Info:    External font `lmex10' loaded for size
(Font)              <8> on input line 178.
LaTeX Font Info:    External font `lmex10' loaded for size
(Font)              <6> on input line 178.
LaTeX Font Info:    Trying to load font information for U+msa on input line 178.
(/Users/mauriciomardones/Library/TinyTeX/texmf-dist/tex/latex/amsfonts/umsa.fd
File: umsa.fd 2013/01/14 v3.01 AMS symbols A
) (/Users/mauriciomardones/Library/TinyTeX/texmf-dist/tex/latex/microtype/mt-msa.cfg
File: mt-msa.cfg 2006/02/04 v1.1 microtype config. file: AMS symbols (a) (RS)
)
LaTeX Font Info:    Trying to load font information for U+msb on input line 178.
(/Users/mauriciomardones/Library/TinyTeX/texmf-dist/tex/latex/amsfonts/umsb.fd
File: umsb.fd 2013/01/14 v3.01 AMS symbols B
) (/Users/mauriciomardones/Library/TinyTeX/texmf-dist/tex/latex/microtype/mt-msb.cfg
File: mt-msb.cfg 2005/06/01 v1.0 microtype config. file: AMS symbols (b) (RS)
)
LaTeX Font Info:    Trying to load font information for TS1+lmr on input line 178.
(/Users/mauriciomardones/Library/TinyTeX/texmf-dist/tex/latex/lm/ts1lmr.fd
File: ts1lmr.fd 2015/05/01 v1.6.1 Font defs for Latin Modern
)
LaTeX Font Info:    External font `lmex10' loaded for size
(Font)              <5> on input line 178.
[1

{/Users/mauriciomardones/Library/TinyTeX/texmf-var/fonts/map/pdftex/updmap/pdftex.map}] (./Corrections_SAM_SS3_Krill_481.toc
LaTeX Font Info:    External font `lmex10' loaded for size
(Font)              <10> on input line 3.
LaTeX Font Info:    External font `lmex10' loaded for size
(Font)              <7> on input line 3.
LaTeX Font Info:    Trying to load font information for T1+lmtt on input line 6.
(/Users/mauriciomardones/Library/TinyTeX/texmf-dist/tex/latex/lm/t1lmtt.fd
File: t1lmtt.fd 2015/05/01 v1.6.1 Font defs for Latin Modern
))
\tf@toc=\write4
\openout4 = `Corrections_SAM_SS3_Krill_481.toc'.

[2] [3] [4]
LaTeX Font Info:    Font shape `T1/lmtt/bx/n' in size <10> not available
(Font)              Font shape `T1/lmtt/b/n' tried instead on input line 212.
[5] [6] [7]
LaTeX Font Info:    Font shape `T1/lmtt/bx/n' in size <12> not available
(Font)              Font shape `T1/lmtt/b/n' tried instead on input line 288.
[8] [9] [10]
<Figs/Plattoons.png, id=190, 1406.25375pt x 869.2475pt>
File: Figs/Plattoons.png Graphic file (type png)
<use Figs/Plattoons.png>
Package pdftex.def Info: Figs/Plattoons.png  used on input line 387.
(pdftex.def)             Requested size: 328.81743pt x 203.25189pt.
[11] [12 <./Figs/Plattoons.png>] [13] [14] [15] [16]
<Figs/481.png, id=251, 318.18875pt x 415.5525pt>
File: Figs/481.png Graphic file (type png)
<use Figs/481.png>
Package pdftex.def Info: Figs/481.png  used on input line 466.
(pdftex.def)             Requested size: 187.89479pt x 245.38943pt.
<Figs/conceptual.jpeg, id=252, 405.515pt x 529.98pt>
File: Figs/conceptual.jpeg Graphic file (type jpg)
<use Figs/conceptual.jpeg>
Package pdftex.def Info: Figs/conceptual.jpeg  used on input line 475.
(pdftex.def)             Requested size: 187.90044pt x 245.57285pt.
<Figs/data_plot_s2.png, id=253, 1957.3125pt x 1957.3125pt>
File: Figs/data_plot_s2.png Graphic file (type png)
<use Figs/data_plot_s2.png>
Package pdftex.def Info: Figs/data_plot_s2.png  used on input line 484.
(pdftex.def)             Requested size: 328.82626pt x 328.82626pt.
[17 <./Figs/481.png> <./Figs/conceptual.jpeg>]
LaTeX Font Info:    External font `lmex10' loaded for size
(Font)              <9> on input line 496.
[18 <./Figs/data_plot_s2.png>] [19]
<Figs/pathmod.png, id=273, 1201.48875pt x 675.52374pt>
File: Figs/pathmod.png Graphic file (type png)
<use Figs/pathmod.png>
Package pdftex.def Info: Figs/pathmod.png  used on input line 561.
(pdftex.def)             Requested size: 576.7264pt x 324.25803pt.
[20

 <./Figs/pathmod.png>]
<s1/plots/comp_lenfit__page1_multi-fleet_comparison.png, id=279, 1957.3125pt x 1957.3125pt>
File: s1/plots/comp_lenfit__page1_multi-fleet_comparison.png Graphic file (type png)
<use s1/plots/comp_lenfit__page1_multi-fleet_comparison.png>
Package pdftex.def Info: s1/plots/comp_lenfit__page1_multi-fleet_comparison.png  used on input line 572.
(pdftex.def)             Requested size: 469.73474pt x 469.73474pt.
<s1/plots/comp_lenfit__page2_multi-fleet_comparison.png, id=280, 1957.3125pt x 1957.3125pt>
File: s1/plots/comp_lenfit__page2_multi-fleet_comparison.png Graphic file (type png)
<use s1/plots/comp_lenfit__page2_multi-fleet_comparison.png>
Package pdftex.def Info: s1/plots/comp_lenfit__page2_multi-fleet_comparison.png  used on input line 581.
(pdftex.def)             Requested size: 469.73474pt x 469.73474pt.
[21

 <./s1/plots/comp_lenfit__page1_multi-fleet_comparison.png>]
<s1/plots/comp_lenfit_data_weighting_TA1.8_FISHERYBS.png, id=286, 1957.3125pt x 1957.3125pt>
File: s1/plots/comp_lenfit_data_weighting_TA1.8_FISHERYBS.png Graphic file (type png)
<use s1/plots/comp_lenfit_data_weighting_TA1.8_FISHERYBS.png>
Package pdftex.def Info: s1/plots/comp_lenfit_data_weighting_TA1.8_FISHERYBS.png  used on input line 590.
(pdftex.def)             Requested size: 140.90846pt x 140.90846pt.
<s1/plots/comp_lenfit_data_weighting_TA1.8_FISHERYEI.png, id=287, 1957.3125pt x 1957.3125pt>
File: s1/plots/comp_lenfit_data_weighting_TA1.8_FISHERYEI.png Graphic file (type png)
<use s1/plots/comp_lenfit_data_weighting_TA1.8_FISHERYEI.png>
Package pdftex.def Info: s1/plots/comp_lenfit_data_weighting_TA1.8_FISHERYEI.png  used on input line 590.
(pdftex.def)             Requested size: 140.90846pt x 140.90846pt.
<s1/plots/comp_lenfit_data_weighting_TA1.8_FISHERYGS.png, id=288, 1957.3125pt x 1957.3125pt>
File: s1/plots/comp_lenfit_data_weighting_TA1.8_FISHERYGS.png Graphic file (type png)
<use s1/plots/comp_lenfit_data_weighting_TA1.8_FISHERYGS.png>
Package pdftex.def Info: s1/plots/comp_lenfit_data_weighting_TA1.8_FISHERYGS.png  used on input line 590.
(pdftex.def)             Requested size: 140.90846pt x 140.90846pt.
<s1/plots/comp_lenfit_data_weighting_TA1.8_FISHERYJOIN.png, id=289, 1957.3125pt x 1957.3125pt>
File: s1/plots/comp_lenfit_data_weighting_TA1.8_FISHERYJOIN.png Graphic file (type png)
<use s1/plots/comp_lenfit_data_weighting_TA1.8_FISHERYJOIN.png>
Package pdftex.def Info: s1/plots/comp_lenfit_data_weighting_TA1.8_FISHERYJOIN.png  used on input line 590.
(pdftex.def)             Requested size: 140.90846pt x 140.90846pt.
<s1/plots/comp_lenfit_data_weighting_TA1.8_FISHERYSSIW.png, id=290, 1957.3125pt x 1957.3125pt>
File: s1/plots/comp_lenfit_data_weighting_TA1.8_FISHERYSSIW.png Graphic file (type png)
<use s1/plots/comp_lenfit_data_weighting_TA1.8_FISHERYSSIW.png>
Package pdftex.def Info: s1/plots/comp_lenfit_data_weighting_TA1.8_FISHERYSSIW.png  used on input line 590.
(pdftex.def)             Requested size: 140.90846pt x 140.90846pt.
<s1/plots/comp_lenfit_data_weighting_TA1.8_PREDATOR.png, id=291, 1957.3125pt x 1957.3125pt>
File: s1/plots/comp_lenfit_data_weighting_TA1.8_PREDATOR.png Graphic file (type png)
<use s1/plots/comp_lenfit_data_weighting_TA1.8_PREDATOR.png>
Package pdftex.def Info: s1/plots/comp_lenfit_data_weighting_TA1.8_PREDATOR.png  used on input line 590.
(pdftex.def)             Requested size: 140.90846pt x 140.90846pt.
<s1/plots/comp_lenfit_data_weighting_TA1.8_SURVEYBS.png, id=292, 1957.3125pt x 1957.3125pt>
File: s1/plots/comp_lenfit_data_weighting_TA1.8_SURVEYBS.png Graphic file (type png)
<use s1/plots/comp_lenfit_data_weighting_TA1.8_SURVEYBS.png>
Package pdftex.def Info: s1/plots/comp_lenfit_data_weighting_TA1.8_SURVEYBS.png  used on input line 590.
(pdftex.def)             Requested size: 140.90846pt x 140.90846pt.
<s1/plots/comp_lenfit_data_weighting_TA1.8_SURVEYEI.png, id=293, 1957.3125pt x 1957.3125pt>
File: s1/plots/comp_lenfit_data_weighting_TA1.8_SURVEYEI.png Graphic file (type png)
<use s1/plots/comp_lenfit_data_weighting_TA1.8_SURVEYEI.png>
Package pdftex.def Info: s1/plots/comp_lenfit_data_weighting_TA1.8_SURVEYEI.png  used on input line 590.
(pdftex.def)             Requested size: 140.90846pt x 140.90846pt.
<s1/plots/comp_lenfit_data_weighting_TA1.8_SURVEYGS.png, id=294, 1957.3125pt x 1957.3125pt>
File: s1/plots/comp_lenfit_data_weighting_TA1.8_SURVEYGS.png Graphic file (type png)
<use s1/plots/comp_lenfit_data_weighting_TA1.8_SURVEYGS.png>
Package pdftex.def Info: s1/plots/comp_lenfit_data_weighting_TA1.8_SURVEYGS.png  used on input line 590.
(pdftex.def)             Requested size: 140.90846pt x 140.90846pt.
<s1/plots/comp_lenfit_data_weighting_TA1.8_SURVEYJOIN.png, id=295, 1957.3125pt x 1957.3125pt>
File: s1/plots/comp_lenfit_data_weighting_TA1.8_SURVEYJOIN.png Graphic file (type png)
<use s1/plots/comp_lenfit_data_weighting_TA1.8_SURVEYJOIN.png>
Package pdftex.def Info: s1/plots/comp_lenfit_data_weighting_TA1.8_SURVEYJOIN.png  used on input line 590.
(pdftex.def)             Requested size: 140.90846pt x 140.90846pt.
[22 <./s1/plots/comp_lenfit__page2_multi-fleet_comparison.png>]
<s1/plots/comp_lenfit__aggregated_across_time.png, id=301, 1957.3125pt x 1957.3125pt>
File: s1/plots/comp_lenfit__aggregated_across_time.png Graphic file (type png)
<use s1/plots/comp_lenfit__aggregated_across_time.png>
Package pdftex.def Info: s1/plots/comp_lenfit__aggregated_across_time.png  used on input line 599.
(pdftex.def)             Requested size: 375.80571pt x 375.80571pt.
[23 <./s1/plots/comp_lenfit_data_weighting_TA1.8_FISHERYBS.png> <./s1/plots/comp_lenfit_data_weighting_TA1.8_FISHERYEI.png> <./s1/plots/comp_lenfit_data_weighting_TA1.8_FISHERYGS.png> <./s1/plots/comp_lenfit_data_weighting_TA1.8_FISHERYJOIN.png> <./s1/plots/comp_lenfit_data_weighting_TA1.8_FISHERYSSIW.png> <./s1/plots/comp_lenfit_data_weighting_TA1.8_PREDATOR.png> <./s1/plots/comp_lenfit_data_weighting_TA1.8_SURVEYBS.png> <./s1/plots/comp_lenfit_data_weighting_TA1.8_SURVEYEI.png> <./s1/plots/comp_lenfit_data_weighting_TA1.8_SURVEYGS.png> <./s1/plots/comp_lenfit_data_weighting_TA1.8_SURVEYJOIN.png>]
<Figs/retros1.png, id=316, 529.98pt x 326.93571pt>
File: Figs/retros1.png Graphic file (type png)
<use Figs/retros1.png>
Package pdftex.def Info: Figs/retros1.png  used on input line 608.
(pdftex.def)             Requested size: 328.8268pt x 202.8477pt.
[24 <./s1/plots/comp_lenfit__aggregated_across_time.png>]
<Figs/rmse21.png, id=322, 529.98pt x 326.93571pt>
File: Figs/rmse21.png Graphic file (type png)
<use Figs/rmse21.png>
Package pdftex.def Info: Figs/rmse21.png  used on input line 617.
(pdftex.def)             Requested size: 281.85847pt x 173.87373pt.
<Figs/rmselens1.png, id=323, 529.98pt x 326.93571pt>
File: Figs/rmselens1.png Graphic file (type png)
<use Figs/rmselens1.png>
Package pdftex.def Info: Figs/rmselens1.png  used on input line 617.
(pdftex.def)             Requested size: 281.85847pt x 173.87373pt.
<Figs/Profile_s1.png, id=324, 529.98pt x 326.93571pt>
File: Figs/Profile_s1.png Graphic file (type png)
<use Figs/Profile_s1.png>
Package pdftex.def Info: Figs/Profile_s1.png  used on input line 626.
(pdftex.def)             Requested size: 328.8268pt x 202.8477pt.
[25 <./Figs/retros1.png (PNG copy)> <./Figs/rmse21.png (PNG copy)> <./Figs/rmselens1.png (PNG copy)>]

LaTeX Warning: Float too large for page by 37.53105pt on input line 702.

[26 <./Figs/Profile_s1.png (PNG copy)>] [27]
<index_files/figure-html/unnamed-chunk-47-1.jpeg, id=340, 578.16pt x 505.89pt>
File: index_files/figure-html/unnamed-chunk-47-1.jpeg Graphic file (type jpg)
<use index_files/figure-html/unnamed-chunk-47-1.jpeg>
Package pdftex.def Info: index_files/figure-html/unnamed-chunk-47-1.jpeg  used on input line 707.
(pdftex.def)             Requested size: 422.77669pt x 369.9296pt.
<index_files/figure-html/unnamed-chunk-46-1.jpeg, id=341, 578.16pt x 505.89pt>
File: index_files/figure-html/unnamed-chunk-46-1.jpeg Graphic file (type jpg)
<use index_files/figure-html/unnamed-chunk-46-1.jpeg>
Package pdftex.def Info: index_files/figure-html/unnamed-chunk-46-1.jpeg  used on input line 716.
(pdftex.def)             Requested size: 422.77669pt x 369.9296pt.
[28 <./index_files/figure-html/unnamed-chunk-47-1.jpeg>]
<Figs/Likelihoodtotal.png, id=347, 772.8875pt x 476.78125pt>
File: Figs/Likelihoodtotal.png Graphic file (type png)
<use Figs/Likelihoodtotal.png>
Package pdftex.def Info: Figs/Likelihoodtotal.png  used on input line 725.
(pdftex.def)             Requested size: 422.77795pt x 260.80457pt.
[29 <./index_files/figure-html/unnamed-chunk-46-1.jpeg>]
<Figs/longtermsb.png, id=353, 529.98pt x 326.93571pt>
File: Figs/longtermsb.png Graphic file (type png)
<use Figs/longtermsb.png>
Package pdftex.def Info: Figs/longtermsb.png  used on input line 734.
(pdftex.def)             Requested size: 469.75603pt x 289.78456pt.
[30 <./Figs/Likelihoodtotal.png> <./Figs/longtermsb.png>]
<Figs/compare10_recruits_uncertainty.png, id=362, 1957.3125pt x 1505.625pt>
File: Figs/compare10_recruits_uncertainty.png Graphic file (type png)
<use Figs/compare10_recruits_uncertainty.png>
Package pdftex.def Info: Figs/compare10_recruits_uncertainty.png  used on input line 747.
(pdftex.def)             Requested size: 260.16399pt x 200.12614pt.
<Figs/compare2_spawnbio_uncertainty.png, id=363, 1957.3125pt x 1505.625pt>
File: Figs/compare2_spawnbio_uncertainty.png Graphic file (type png)
<use Figs/compare2_spawnbio_uncertainty.png>
Package pdftex.def Info: Figs/compare2_spawnbio_uncertainty.png  used on input line 747.
(pdftex.def)             Requested size: 260.16399pt x 200.12614pt.
<Figs/compare4_Bratio_uncertainty.png, id=364, 1957.3125pt x 1505.625pt>
File: Figs/compare4_Bratio_uncertainty.png Graphic file (type png)
<use Figs/compare4_Bratio_uncertainty.png>
Package pdftex.def Info: Figs/compare4_Bratio_uncertainty.png  used on input line 747.
(pdftex.def)             Requested size: 260.16399pt x 200.12614pt.
<Figs/compare17_densities_SSB_Virgin.png, id=365, 1957.3125pt x 1505.625pt>
File: Figs/compare17_densities_SSB_Virgin.png Graphic file (type png)
<use Figs/compare17_densities_SSB_Virgin.png>
Package pdftex.def Info: Figs/compare17_densities_SSB_Virgin.png  used on input line 747.
(pdftex.def)             Requested size: 260.16399pt x 200.12614pt.
[31

 <./Figs/compare10_recruits_uncertainty.png> <./Figs/compare2_spawnbio_uncertainty.png> <./Figs/compare4_Bratio_uncertainty.png> <./Figs/compare17_densities_SSB_Virgin.png>] [32

] [33] (./Corrections_SAM_SS3_Krill_481.aux) ) 
Here is how much of TeX's memory you used:
 16776 strings out of 478033
 281281 string characters out of 5838240
 1918330 words of memory out of 5000000
 36204 multiletter control sequences out of 15000+600000
 598102 words of font info for 202 fonts, out of 8000000 for 9000
 14 hyphenation exceptions out of 8191
 77i,15n,81p,2621b,502s stack positions out of 10000i,1000n,20000p,200000b,200000s
{/Users/mauriciomardones/Library/TinyTeX/texmf-dist/fonts/enc/dvips/lm/lm-ec.enc}{/Users/mauriciomardones/Library/TinyTeX/texmf-dist/fonts/enc/dvips/lm/lm-ts1.enc}{/Users/mauriciomardones/Library/TinyTeX/texmf-dist/fonts/enc/dvips/lm/lm-mathit.enc}{/Users/mauriciomardones/Library/TinyTeX/texmf-dist/fonts/enc/dvips/lm/lm-rm.enc}{/Users/mauriciomardones/Library/TinyTeX/texmf-dist/fonts/enc/dvips/lm/lm-mathex.enc}{/Users/mauriciomardones/Library/TinyTeX/texmf-dist/fonts/enc/dvips/lm/lm-mathsy.enc}</Users/mauriciomardones/Library/TinyTeX/texmf-dist/fonts/type1/public/lm/lmbx10.pfb></Users/mauriciomardones/Library/TinyTeX/texmf-dist/fonts/type1/public/lm/lmbx12.pfb></Users/mauriciomardones/Library/TinyTeX/texmf-dist/fonts/type1/public/lm/lmbx9.pfb></Users/mauriciomardones/Library/TinyTeX/texmf-dist/fonts/type1/public/lm/lmex10.pfb></Users/mauriciomardones/Library/TinyTeX/texmf-dist/fonts/type1/public/lm/lmmi10.pfb></Users/mauriciomardones/Library/TinyTeX/texmf-dist/fonts/type1/public/lm/lmmi7.pfb></Users/mauriciomardones/Library/TinyTeX/texmf-dist/fonts/type1/public/lm/lmr10.pfb></Users/mauriciomardones/Library/TinyTeX/texmf-dist/fonts/type1/public/lm/lmr12.pfb></Users/mauriciomardones/Library/TinyTeX/texmf-dist/fonts/type1/public/lm/lmr17.pfb></Users/mauriciomardones/Library/TinyTeX/texmf-dist/fonts/type1/public/lm/lmr6.pfb></Users/mauriciomardones/Library/TinyTeX/texmf-dist/fonts/type1/public/lm/lmr7.pfb></Users/mauriciomardones/Library/TinyTeX/texmf-dist/fonts/type1/public/lm/lmr8.pfb></Users/mauriciomardones/Library/TinyTeX/texmf-dist/fonts/type1/public/lm/lmr9.pfb></Users/mauriciomardones/Library/TinyTeX/texmf-dist/fonts/type1/public/lm/lmri10.pfb></Users/mauriciomardones/Library/TinyTeX/texmf-dist/fonts/type1/public/lm/lmsy10.pfb></Users/mauriciomardones/Library/TinyTeX/texmf-dist/fonts/type1/public/lm/lmtk10.pfb></Users/mauriciomardones/Library/TinyTeX/texmf-dist/fonts/type1/public/lm/lmtt10.pfb></Users/mauriciomardones/Library/TinyTeX/texmf-dist/fonts/type1/public/lm/lmtti10.pfb>
Output written on Corrections_SAM_SS3_Krill_481.pdf (33 pages, 6049043 bytes).
PDF statistics:
 586 PDF objects out of 1000 (max. 8388607)
 451 compressed objects within 5 object streams
 121 named destinations out of 1000 (max. 500000)
 49439 words of extra memory for PDF output out of 51595 (max. 10000000)

